[2020-01-28 02:17:24] local.ERROR: Cannot declare class App\Http\Controllers\Konstruksi\chart_perencanaan because the name is already in use {"exception":"[object] (Symfony\\Component\\Debug\\Exception\\FatalErrorException(code: 64): Cannot declare class App\\Http\\Controllers\\Konstruksi\\chart_perencanaan because the name is already in use at D:\\git\\AO2\\app\\Http\\Controllers\\Konstruksi\\chart_perencanaan.php:8)
[stacktrace]
#0 {main}
"} 
[2020-01-28 02:19:26] local.ERROR: Cannot declare class App\Http\Controllers\chart_perencanaan because the name is already in use {"exception":"[object] (Symfony\\Component\\Debug\\Exception\\FatalErrorException(code: 64): Cannot declare class App\\Http\\Controllers\\chart_perencanaan because the name is already in use at D:\\git\\AO2\\app\\Http\\Controllers\\Konstruksi\\chart_perencanaan.php:8)
[stacktrace]
#0 {main}
"} 
[2020-01-28 02:19:28] local.ERROR: Cannot declare class App\Http\Controllers\chart_perencanaan because the name is already in use {"exception":"[object] (Symfony\\Component\\Debug\\Exception\\FatalErrorException(code: 64): Cannot declare class App\\Http\\Controllers\\chart_perencanaan because the name is already in use at D:\\git\\AO2\\app\\Http\\Controllers\\Konstruksi\\chart_perencanaan.php:8)
[stacktrace]
#0 {main}
"} 
[2020-01-28 02:19:57] local.ERROR: Cannot declare class App\Http\Controllers\chart_perencanaan because the name is already in use {"exception":"[object] (Symfony\\Component\\Debug\\Exception\\FatalErrorException(code: 64): Cannot declare class App\\Http\\Controllers\\chart_perencanaan because the name is already in use at D:\\git\\AO2\\app\\Http\\Controllers\\Konstruksi\\chart_perencanaan.php:8)
[stacktrace]
#0 {main}
"} 
[2020-01-28 02:19:58] local.ERROR: Cannot declare class App\Http\Controllers\chart_perencanaan because the name is already in use {"exception":"[object] (Symfony\\Component\\Debug\\Exception\\FatalErrorException(code: 64): Cannot declare class App\\Http\\Controllers\\chart_perencanaan because the name is already in use at D:\\git\\AO2\\app\\Http\\Controllers\\Konstruksi\\chart_perencanaan.php:8)
[stacktrace]
#0 {main}
"} 
[2020-01-28 02:19:58] local.ERROR: Cannot declare class App\Http\Controllers\chart_perencanaan because the name is already in use {"exception":"[object] (Symfony\\Component\\Debug\\Exception\\FatalErrorException(code: 64): Cannot declare class App\\Http\\Controllers\\chart_perencanaan because the name is already in use at D:\\git\\AO2\\app\\Http\\Controllers\\Konstruksi\\chart_perencanaan.php:8)
[stacktrace]
#0 {main}
"} 
[2020-01-28 02:19:59] local.ERROR: Cannot declare class App\Http\Controllers\chart_perencanaan because the name is already in use {"exception":"[object] (Symfony\\Component\\Debug\\Exception\\FatalErrorException(code: 64): Cannot declare class App\\Http\\Controllers\\chart_perencanaan because the name is already in use at D:\\git\\AO2\\app\\Http\\Controllers\\Konstruksi\\chart_perencanaan.php:8)
[stacktrace]
#0 {main}
"} 
[2020-01-28 02:19:59] local.ERROR: Cannot declare class App\Http\Controllers\chart_perencanaan because the name is already in use {"exception":"[object] (Symfony\\Component\\Debug\\Exception\\FatalErrorException(code: 64): Cannot declare class App\\Http\\Controllers\\chart_perencanaan because the name is already in use at D:\\git\\AO2\\app\\Http\\Controllers\\Konstruksi\\chart_perencanaan.php:8)
[stacktrace]
#0 {main}
"} 
[2020-01-28 02:19:59] local.ERROR: Cannot declare class App\Http\Controllers\chart_perencanaan because the name is already in use {"exception":"[object] (Symfony\\Component\\Debug\\Exception\\FatalErrorException(code: 64): Cannot declare class App\\Http\\Controllers\\chart_perencanaan because the name is already in use at D:\\git\\AO2\\app\\Http\\Controllers\\Konstruksi\\chart_perencanaan.php:8)
[stacktrace]
#0 {main}
"} 
[2020-01-28 02:19:59] local.ERROR: Cannot declare class App\Http\Controllers\chart_perencanaan because the name is already in use {"exception":"[object] (Symfony\\Component\\Debug\\Exception\\FatalErrorException(code: 64): Cannot declare class App\\Http\\Controllers\\chart_perencanaan because the name is already in use at D:\\git\\AO2\\app\\Http\\Controllers\\Konstruksi\\chart_perencanaan.php:8)
[stacktrace]
#0 {main}
"} 
[2020-01-28 02:19:59] local.ERROR: Cannot declare class App\Http\Controllers\chart_perencanaan because the name is already in use {"exception":"[object] (Symfony\\Component\\Debug\\Exception\\FatalErrorException(code: 64): Cannot declare class App\\Http\\Controllers\\chart_perencanaan because the name is already in use at D:\\git\\AO2\\app\\Http\\Controllers\\Konstruksi\\chart_perencanaan.php:8)
[stacktrace]
#0 {main}
"} 
[2020-01-28 02:20:00] local.ERROR: Cannot declare class App\Http\Controllers\chart_perencanaan because the name is already in use {"exception":"[object] (Symfony\\Component\\Debug\\Exception\\FatalErrorException(code: 64): Cannot declare class App\\Http\\Controllers\\chart_perencanaan because the name is already in use at D:\\git\\AO2\\app\\Http\\Controllers\\Konstruksi\\chart_perencanaan.php:8)
[stacktrace]
#0 {main}
"} 
[2020-01-28 02:20:00] local.ERROR: Cannot declare class App\Http\Controllers\chart_perencanaan because the name is already in use {"exception":"[object] (Symfony\\Component\\Debug\\Exception\\FatalErrorException(code: 64): Cannot declare class App\\Http\\Controllers\\chart_perencanaan because the name is already in use at D:\\git\\AO2\\app\\Http\\Controllers\\Konstruksi\\chart_perencanaan.php:8)
[stacktrace]
#0 {main}
"} 
[2020-01-28 02:20:00] local.ERROR: Cannot declare class App\Http\Controllers\chart_perencanaan because the name is already in use {"exception":"[object] (Symfony\\Component\\Debug\\Exception\\FatalErrorException(code: 64): Cannot declare class App\\Http\\Controllers\\chart_perencanaan because the name is already in use at D:\\git\\AO2\\app\\Http\\Controllers\\Konstruksi\\chart_perencanaan.php:8)
[stacktrace]
#0 {main}
"} 
[2020-01-28 02:20:00] local.ERROR: Cannot declare class App\Http\Controllers\chart_perencanaan because the name is already in use {"exception":"[object] (Symfony\\Component\\Debug\\Exception\\FatalErrorException(code: 64): Cannot declare class App\\Http\\Controllers\\chart_perencanaan because the name is already in use at D:\\git\\AO2\\app\\Http\\Controllers\\Konstruksi\\chart_perencanaan.php:8)
[stacktrace]
#0 {main}
"} 
[2020-01-28 02:20:00] local.ERROR: Cannot declare class App\Http\Controllers\chart_perencanaan because the name is already in use {"exception":"[object] (Symfony\\Component\\Debug\\Exception\\FatalErrorException(code: 64): Cannot declare class App\\Http\\Controllers\\chart_perencanaan because the name is already in use at D:\\git\\AO2\\app\\Http\\Controllers\\Konstruksi\\chart_perencanaan.php:8)
[stacktrace]
#0 {main}
"} 
[2020-01-28 02:20:00] local.ERROR: Cannot declare class App\Http\Controllers\chart_perencanaan because the name is already in use {"exception":"[object] (Symfony\\Component\\Debug\\Exception\\FatalErrorException(code: 64): Cannot declare class App\\Http\\Controllers\\chart_perencanaan because the name is already in use at D:\\git\\AO2\\app\\Http\\Controllers\\Konstruksi\\chart_perencanaan.php:8)
[stacktrace]
#0 {main}
"} 
[2020-01-28 02:20:01] local.ERROR: Cannot declare class App\Http\Controllers\chart_perencanaan because the name is already in use {"exception":"[object] (Symfony\\Component\\Debug\\Exception\\FatalErrorException(code: 64): Cannot declare class App\\Http\\Controllers\\chart_perencanaan because the name is already in use at D:\\git\\AO2\\app\\Http\\Controllers\\Konstruksi\\chart_perencanaan.php:8)
[stacktrace]
#0 {main}
"} 
[2020-01-28 08:24:17] local.ERROR: SQLSTATE[42S22]: Column not found: 1054 Unknown column 'jumlah_progress' in 'field list' (SQL: insert into `chart_perencanaan` (`no_rab`, `tgl_progress`, `jumlah_progress`) values (12.xxx/xxx/xxx/2019, 2020-01-31, 15)) {"exception":"[object] (Illuminate\\Database\\QueryException(code: 42S22): SQLSTATE[42S22]: Column not found: 1054 Unknown column 'jumlah_progress' in 'field list' (SQL: insert into `chart_perencanaan` (`no_rab`, `tgl_progress`, `jumlah_progress`) values (12.xxx/xxx/xxx/2019, 2020-01-31, 15)) at D:\\git\\AO2\\vendor\\laravel\\framework\\src\\Illuminate\\Database\\Connection.php:664, PDOException(code: 42S22): SQLSTATE[42S22]: Column not found: 1054 Unknown column 'jumlah_progress' in 'field list' at D:\\git\\AO2\\vendor\\laravel\\framework\\src\\Illuminate\\Database\\Connection.php:452)
[stacktrace]
#0 D:\\git\\AO2\\vendor\\laravel\\framework\\src\\Illuminate\\Database\\Connection.php(624): Illuminate\\Database\\Connection->runQueryCallback('insert into `ch...', Array, Object(Closure))
#1 D:\\git\\AO2\\vendor\\laravel\\framework\\src\\Illuminate\\Database\\Connection.php(459): Illuminate\\Database\\Connection->run('insert into `ch...', Array, Object(Closure))
#2 D:\\git\\AO2\\vendor\\laravel\\framework\\src\\Illuminate\\Database\\Connection.php(411): Illuminate\\Database\\Connection->statement('insert into `ch...', Array)
#3 D:\\git\\AO2\\vendor\\laravel\\framework\\src\\Illuminate\\Database\\Query\\Processors\\Processor.php(32): Illuminate\\Database\\Connection->insert('insert into `ch...', Array)
#4 D:\\git\\AO2\\vendor\\laravel\\framework\\src\\Illuminate\\Database\\Query\\Builder.php(2663): Illuminate\\Database\\Query\\Processors\\Processor->processInsertGetId(Object(Illuminate\\Database\\Query\\Builder), 'insert into `ch...', Array, 'id_chartren')
#5 D:\\git\\AO2\\vendor\\laravel\\framework\\src\\Illuminate\\Database\\Eloquent\\Builder.php(1353): Illuminate\\Database\\Query\\Builder->insertGetId(Array, 'id_chartren')
#6 D:\\git\\AO2\\vendor\\laravel\\framework\\src\\Illuminate\\Database\\Eloquent\\Model.php(839): Illuminate\\Database\\Eloquent\\Builder->__call('insertGetId', Array)
#7 D:\\git\\AO2\\vendor\\laravel\\framework\\src\\Illuminate\\Database\\Eloquent\\Model.php(804): Illuminate\\Database\\Eloquent\\Model->insertAndSetId(Object(Illuminate\\Database\\Eloquent\\Builder), Array)
#8 D:\\git\\AO2\\vendor\\laravel\\framework\\src\\Illuminate\\Database\\Eloquent\\Model.php(667): Illuminate\\Database\\Eloquent\\Model->performInsert(Object(Illuminate\\Database\\Eloquent\\Builder))
#9 D:\\git\\AO2\\app\\Http\\Controllers\\Konstruksi\\Ccharts_perencanaan.php(24): Illuminate\\Database\\Eloquent\\Model->save()
#10 [internal function]: App\\Http\\Controllers\\Konstruksi\\Ccharts_perencanaan->storepoint(Object(Illuminate\\Http\\Request))
#11 D:\\git\\AO2\\vendor\\laravel\\framework\\src\\Illuminate\\Routing\\Controller.php(54): call_user_func_array(Array, Array)
#12 D:\\git\\AO2\\vendor\\laravel\\framework\\src\\Illuminate\\Routing\\ControllerDispatcher.php(45): Illuminate\\Routing\\Controller->callAction('storepoint', Array)
#13 D:\\git\\AO2\\vendor\\laravel\\framework\\src\\Illuminate\\Routing\\Route.php(219): Illuminate\\Routing\\ControllerDispatcher->dispatch(Object(Illuminate\\Routing\\Route), Object(App\\Http\\Controllers\\Konstruksi\\Ccharts_perencanaan), 'storepoint')
#14 D:\\git\\AO2\\vendor\\laravel\\framework\\src\\Illuminate\\Routing\\Route.php(176): Illuminate\\Routing\\Route->runController()
#15 D:\\git\\AO2\\vendor\\laravel\\framework\\src\\Illuminate\\Routing\\Router.php(680): Illuminate\\Routing\\Route->run()
#16 D:\\git\\AO2\\vendor\\laravel\\framework\\src\\Illuminate\\Routing\\Pipeline.php(30): Illuminate\\Routing\\Router->Illuminate\\Routing\\{closure}(Object(Illuminate\\Http\\Request))
#17 D:\\git\\AO2\\vendor\\laravel\\framework\\src\\Illuminate\\Routing\\Middleware\\SubstituteBindings.php(41): Illuminate\\Routing\\Pipeline->Illuminate\\Routing\\{closure}(Object(Illuminate\\Http\\Request))
#18 D:\\git\\AO2\\vendor\\laravel\\framework\\src\\Illuminate\\Pipeline\\Pipeline.php(163): Illuminate\\Routing\\Middleware\\SubstituteBindings->handle(Object(Illuminate\\Http\\Request), Object(Closure))
#19 D:\\git\\AO2\\vendor\\laravel\\framework\\src\\Illuminate\\Routing\\Pipeline.php(53): Illuminate\\Pipeline\\Pipeline->Illuminate\\Pipeline\\{closure}(Object(Illuminate\\Http\\Request))
#20 D:\\git\\AO2\\vendor\\laravel\\framework\\src\\Illuminate\\Foundation\\Http\\Middleware\\VerifyCsrfToken.php(75): Illuminate\\Routing\\Pipeline->Illuminate\\Routing\\{closure}(Object(Illuminate\\Http\\Request))
#21 D:\\git\\AO2\\vendor\\laravel\\framework\\src\\Illuminate\\Pipeline\\Pipeline.php(163): Illuminate\\Foundation\\Http\\Middleware\\VerifyCsrfToken->handle(Object(Illuminate\\Http\\Request), Object(Closure))
#22 D:\\git\\AO2\\vendor\\laravel\\framework\\src\\Illuminate\\Routing\\Pipeline.php(53): Illuminate\\Pipeline\\Pipeline->Illuminate\\Pipeline\\{closure}(Object(Illuminate\\Http\\Request))
#23 D:\\git\\AO2\\vendor\\laravel\\framework\\src\\Illuminate\\View\\Middleware\\ShareErrorsFromSession.php(49): Illuminate\\Routing\\Pipeline->Illuminate\\Routing\\{closure}(Object(Illuminate\\Http\\Request))
#24 D:\\git\\AO2\\vendor\\laravel\\framework\\src\\Illuminate\\Pipeline\\Pipeline.php(163): Illuminate\\View\\Middleware\\ShareErrorsFromSession->handle(Object(Illuminate\\Http\\Request), Object(Closure))
#25 D:\\git\\AO2\\vendor\\laravel\\framework\\src\\Illuminate\\Routing\\Pipeline.php(53): Illuminate\\Pipeline\\Pipeline->Illuminate\\Pipeline\\{closure}(Object(Illuminate\\Http\\Request))
#26 D:\\git\\AO2\\vendor\\laravel\\framework\\src\\Illuminate\\Session\\Middleware\\StartSession.php(56): Illuminate\\Routing\\Pipeline->Illuminate\\Routing\\{closure}(Object(Illuminate\\Http\\Request))
#27 D:\\git\\AO2\\vendor\\laravel\\framework\\src\\Illuminate\\Pipeline\\Pipeline.php(163): Illuminate\\Session\\Middleware\\StartSession->handle(Object(Illuminate\\Http\\Request), Object(Closure))
#28 D:\\git\\AO2\\vendor\\laravel\\framework\\src\\Illuminate\\Routing\\Pipeline.php(53): Illuminate\\Pipeline\\Pipeline->Illuminate\\Pipeline\\{closure}(Object(Illuminate\\Http\\Request))
#29 D:\\git\\AO2\\vendor\\laravel\\framework\\src\\Illuminate\\Cookie\\Middleware\\AddQueuedCookiesToResponse.php(37): Illuminate\\Routing\\Pipeline->Illuminate\\Routing\\{closure}(Object(Illuminate\\Http\\Request))
#30 D:\\git\\AO2\\vendor\\laravel\\framework\\src\\Illuminate\\Pipeline\\Pipeline.php(163): Illuminate\\Cookie\\Middleware\\AddQueuedCookiesToResponse->handle(Object(Illuminate\\Http\\Request), Object(Closure))
#31 D:\\git\\AO2\\vendor\\laravel\\framework\\src\\Illuminate\\Routing\\Pipeline.php(53): Illuminate\\Pipeline\\Pipeline->Illuminate\\Pipeline\\{closure}(Object(Illuminate\\Http\\Request))
#32 D:\\git\\AO2\\vendor\\laravel\\framework\\src\\Illuminate\\Cookie\\Middleware\\EncryptCookies.php(66): Illuminate\\Routing\\Pipeline->Illuminate\\Routing\\{closure}(Object(Illuminate\\Http\\Request))
#33 D:\\git\\AO2\\vendor\\laravel\\framework\\src\\Illuminate\\Pipeline\\Pipeline.php(163): Illuminate\\Cookie\\Middleware\\EncryptCookies->handle(Object(Illuminate\\Http\\Request), Object(Closure))
#34 D:\\git\\AO2\\vendor\\laravel\\framework\\src\\Illuminate\\Routing\\Pipeline.php(53): Illuminate\\Pipeline\\Pipeline->Illuminate\\Pipeline\\{closure}(Object(Illuminate\\Http\\Request))
#35 D:\\git\\AO2\\vendor\\laravel\\framework\\src\\Illuminate\\Pipeline\\Pipeline.php(104): Illuminate\\Routing\\Pipeline->Illuminate\\Routing\\{closure}(Object(Illuminate\\Http\\Request))
#36 D:\\git\\AO2\\vendor\\laravel\\framework\\src\\Illuminate\\Routing\\Router.php(682): Illuminate\\Pipeline\\Pipeline->then(Object(Closure))
#37 D:\\git\\AO2\\vendor\\laravel\\framework\\src\\Illuminate\\Routing\\Router.php(657): Illuminate\\Routing\\Router->runRouteWithinStack(Object(Illuminate\\Routing\\Route), Object(Illuminate\\Http\\Request))
#38 D:\\git\\AO2\\vendor\\laravel\\framework\\src\\Illuminate\\Routing\\Router.php(623): Illuminate\\Routing\\Router->runRoute(Object(Illuminate\\Http\\Request), Object(Illuminate\\Routing\\Route))
#39 D:\\git\\AO2\\vendor\\laravel\\framework\\src\\Illuminate\\Routing\\Router.php(612): Illuminate\\Routing\\Router->dispatchToRoute(Object(Illuminate\\Http\\Request))
#40 D:\\git\\AO2\\vendor\\laravel\\framework\\src\\Illuminate\\Foundation\\Http\\Kernel.php(176): Illuminate\\Routing\\Router->dispatch(Object(Illuminate\\Http\\Request))
#41 D:\\git\\AO2\\vendor\\laravel\\framework\\src\\Illuminate\\Routing\\Pipeline.php(30): Illuminate\\Foundation\\Http\\Kernel->Illuminate\\Foundation\\Http\\{closure}(Object(Illuminate\\Http\\Request))
#42 D:\\git\\AO2\\vendor\\fideloper\\proxy\\src\\TrustProxies.php(57): Illuminate\\Routing\\Pipeline->Illuminate\\Routing\\{closure}(Object(Illuminate\\Http\\Request))
#43 D:\\git\\AO2\\vendor\\laravel\\framework\\src\\Illuminate\\Pipeline\\Pipeline.php(163): Fideloper\\Proxy\\TrustProxies->handle(Object(Illuminate\\Http\\Request), Object(Closure))
#44 D:\\git\\AO2\\vendor\\laravel\\framework\\src\\Illuminate\\Routing\\Pipeline.php(53): Illuminate\\Pipeline\\Pipeline->Illuminate\\Pipeline\\{closure}(Object(Illuminate\\Http\\Request))
#45 D:\\git\\AO2\\vendor\\laravel\\framework\\src\\Illuminate\\Foundation\\Http\\Middleware\\TransformsRequest.php(21): Illuminate\\Routing\\Pipeline->Illuminate\\Routing\\{closure}(Object(Illuminate\\Http\\Request))
#46 D:\\git\\AO2\\vendor\\laravel\\framework\\src\\Illuminate\\Pipeline\\Pipeline.php(163): Illuminate\\Foundation\\Http\\Middleware\\TransformsRequest->handle(Object(Illuminate\\Http\\Request), Object(Closure))
#47 D:\\git\\AO2\\vendor\\laravel\\framework\\src\\Illuminate\\Routing\\Pipeline.php(53): Illuminate\\Pipeline\\Pipeline->Illuminate\\Pipeline\\{closure}(Object(Illuminate\\Http\\Request))
#48 D:\\git\\AO2\\vendor\\laravel\\framework\\src\\Illuminate\\Foundation\\Http\\Middleware\\TransformsRequest.php(21): Illuminate\\Routing\\Pipeline->Illuminate\\Routing\\{closure}(Object(Illuminate\\Http\\Request))
#49 D:\\git\\AO2\\vendor\\laravel\\framework\\src\\Illuminate\\Pipeline\\Pipeline.php(163): Illuminate\\Foundation\\Http\\Middleware\\TransformsRequest->handle(Object(Illuminate\\Http\\Request), Object(Closure))
#50 D:\\git\\AO2\\vendor\\laravel\\framework\\src\\Illuminate\\Routing\\Pipeline.php(53): Illuminate\\Pipeline\\Pipeline->Illuminate\\Pipeline\\{closure}(Object(Illuminate\\Http\\Request))
#51 D:\\git\\AO2\\vendor\\laravel\\framework\\src\\Illuminate\\Foundation\\Http\\Middleware\\ValidatePostSize.php(27): Illuminate\\Routing\\Pipeline->Illuminate\\Routing\\{closure}(Object(Illuminate\\Http\\Request))
#52 D:\\git\\AO2\\vendor\\laravel\\framework\\src\\Illuminate\\Pipeline\\Pipeline.php(163): Illuminate\\Foundation\\Http\\Middleware\\ValidatePostSize->handle(Object(Illuminate\\Http\\Request), Object(Closure))
#53 D:\\git\\AO2\\vendor\\laravel\\framework\\src\\Illuminate\\Routing\\Pipeline.php(53): Illuminate\\Pipeline\\Pipeline->Illuminate\\Pipeline\\{closure}(Object(Illuminate\\Http\\Request))
#54 D:\\git\\AO2\\vendor\\laravel\\framework\\src\\Illuminate\\Foundation\\Http\\Middleware\\CheckForMaintenanceMode.php(62): Illuminate\\Routing\\Pipeline->Illuminate\\Routing\\{closure}(Object(Illuminate\\Http\\Request))
#55 D:\\git\\AO2\\vendor\\laravel\\framework\\src\\Illuminate\\Pipeline\\Pipeline.php(163): Illuminate\\Foundation\\Http\\Middleware\\CheckForMaintenanceMode->handle(Object(Illuminate\\Http\\Request), Object(Closure))
#56 D:\\git\\AO2\\vendor\\laravel\\framework\\src\\Illuminate\\Routing\\Pipeline.php(53): Illuminate\\Pipeline\\Pipeline->Illuminate\\Pipeline\\{closure}(Object(Illuminate\\Http\\Request))
#57 D:\\git\\AO2\\vendor\\laravel\\framework\\src\\Illuminate\\Pipeline\\Pipeline.php(104): Illuminate\\Routing\\Pipeline->Illuminate\\Routing\\{closure}(Object(Illuminate\\Http\\Request))
#58 D:\\git\\AO2\\vendor\\laravel\\framework\\src\\Illuminate\\Foundation\\Http\\Kernel.php(151): Illuminate\\Pipeline\\Pipeline->then(Object(Closure))
#59 D:\\git\\AO2\\vendor\\laravel\\framework\\src\\Illuminate\\Foundation\\Http\\Kernel.php(116): Illuminate\\Foundation\\Http\\Kernel->sendRequestThroughRouter(Object(Illuminate\\Http\\Request))
#60 D:\\git\\AO2\\public\\index.php(55): Illuminate\\Foundation\\Http\\Kernel->handle(Object(Illuminate\\Http\\Request))
#61 D:\\git\\AO2\\server.php(21): require_once('D:\\\\git\\\\AO2\\\\publ...')
#62 {main}
"} 
